[{"line":2,"elements":[{"line":4,"name":"","description":"","type":"background","keyword":"Background","steps":[{"result":{"status":"skipped"},"line":5,"name":"User is on retail website","match":{"location":"tek.capstone.bdd.framework.steps.SignInSteps.userIsOnRetailWebsite()"},"keyword":"Given "},{"result":{"status":"skipped"},"line":6,"name":"User click on Sign in option","match":{"location":"tek.capstone.bdd.framework.steps.SignInSteps.userClickOnSignIn()"},"keyword":"When "}]},{"start_timestamp":"2023-03-09T21:20:03.812Z","before":[{"result":{"error_message":"org.openqa.selenium.remote.http.ConnectionFailedException: Unable to establish websocket connection to http://localhost:57017/devtools/browser/68335566-951d-426e-9a12-acfb8913e53e\nBuild info: version: '4.4.0', revision: 'e5c75ed026a'\nSystem info: host: 'YOUR-PC', ip: '10.0.0.33', os.name: 'Windows 11', os.arch: 'amd64', os.version: '10.0', java.version: '11.0.15.1'\nDriver info: driver.version: ChromeDriver\r\n\tat org.openqa.selenium.remote.http.netty.NettyWebSocket.<init>(NettyWebSocket.java:102)\r\n\tat org.openqa.selenium.remote.http.netty.NettyWebSocket.lambda$create$3(NettyWebSocket.java:128)\r\n\tat org.openqa.selenium.remote.http.netty.NettyClient.openSocket(NettyClient.java:106)\r\n\tat org.openqa.selenium.devtools.Connection.<init>(Connection.java:77)\r\n\tat org.openqa.selenium.chromium.ChromiumDriver.lambda$new$2(ChromiumDriver.java:116)\r\n\tat java.base/java.util.Optional.map(Optional.java:265)\r\n\tat org.openqa.selenium.chromium.ChromiumDriver.<init>(ChromiumDriver.java:114)\r\n\tat org.openqa.selenium.chrome.ChromeDriver.<init>(ChromeDriver.java:81)\r\n\tat org.openqa.selenium.chrome.ChromeDriver.<init>(ChromeDriver.java:70)\r\n\tat tek.capstone.bdd.framework.config.ChromeHeadless.openBrowser(ChromeHeadless.java:16)\r\n\tat tek.capstone.bdd.framework.base.BaseSetup.setupBrowser(BaseSetup.java:55)\r\n\tat tek.capstone.bdd.framework.base.BaseUITest.setupTest(BaseUITest.java:12)\r\n","duration":4430808400,"status":"failed"},"match":{"location":"tek.capstone.bdd.framework.base.BaseUITest.setupTest()"}}],"line":9,"name":"Verify user can sign in into Retail Application","description":"","id":"sign-in-feature;verify-user-can-sign-in-into-retail-application","after":[{"result":{"error_message":"java.lang.NullPointerException\r\n\tat tek.capstone.bdd.framework.utilities.BrowserUtilities.takeScreenshotAsBytes(BrowserUtilities.java:75)\r\n\tat tek.capstone.bdd.framework.base.BaseUITest.closeTest(BaseUITest.java:18)\r\n","duration":1999700,"status":"failed"},"match":{"location":"tek.capstone.bdd.framework.base.BaseUITest.closeTest(io.cucumber.java.Scenario)"}}],"type":"scenario","keyword":"Scenario","steps":[{"result":{"status":"skipped"},"line":10,"name":"User enter email \"email\" and password \"password\"","match":{"arguments":[{"val":"\"email\"","offset":17},{"val":"\"password\"","offset":38}],"location":"tek.capstone.bdd.framework.steps.SignInSteps.userEnterEmailAndPassword(java.lang.String,java.lang.String)"},"keyword":"And "},{"result":{"status":"skipped"},"line":11,"name":"User click on login button","match":{"location":"tek.capstone.bdd.framework.steps.SignInSteps.userClickOnLoginBtn()"},"keyword":"And "},{"result":{"status":"skipped"},"line":12,"name":"User should be logged in into Account","match":{"location":"tek.capstone.bdd.framework.steps.SignInSteps.userShouldBeLoggedIn()"},"keyword":"Then "}],"tags":[{"name":"@jenkins"},{"name":"@signIn"}]},{"line":4,"name":"","description":"","type":"background","keyword":"Background","steps":[{"result":{"status":"skipped"},"line":5,"name":"User is on retail website","match":{"location":"tek.capstone.bdd.framework.steps.SignInSteps.userIsOnRetailWebsite()"},"keyword":"Given "},{"result":{"status":"skipped"},"line":6,"name":"User click on Sign in option","match":{"location":"tek.capstone.bdd.framework.steps.SignInSteps.userClickOnSignIn()"},"keyword":"When "}]},{"start_timestamp":"2023-03-09T21:20:08.298Z","before":[{"result":{"error_message":"org.openqa.selenium.remote.http.ConnectionFailedException: Unable to establish websocket connection to http://localhost:57028/devtools/browser/16c0ef3e-75bf-4a8f-9599-53e33b7c7624\nBuild info: version: '4.4.0', revision: 'e5c75ed026a'\nSystem info: host: 'YOUR-PC', ip: '10.0.0.33', os.name: 'Windows 11', os.arch: 'amd64', os.version: '10.0', java.version: '11.0.15.1'\nDriver info: driver.version: ChromeDriver\r\n\tat org.openqa.selenium.remote.http.netty.NettyWebSocket.<init>(NettyWebSocket.java:102)\r\n\tat org.openqa.selenium.remote.http.netty.NettyWebSocket.lambda$create$3(NettyWebSocket.java:128)\r\n\tat org.openqa.selenium.remote.http.netty.NettyClient.openSocket(NettyClient.java:106)\r\n\tat org.openqa.selenium.devtools.Connection.<init>(Connection.java:77)\r\n\tat org.openqa.selenium.chromium.ChromiumDriver.lambda$new$2(ChromiumDriver.java:116)\r\n\tat java.base/java.util.Optional.map(Optional.java:265)\r\n\tat org.openqa.selenium.chromium.ChromiumDriver.<init>(ChromiumDriver.java:114)\r\n\tat org.openqa.selenium.chrome.ChromeDriver.<init>(ChromeDriver.java:81)\r\n\tat org.openqa.selenium.chrome.ChromeDriver.<init>(ChromeDriver.java:70)\r\n\tat tek.capstone.bdd.framework.config.ChromeHeadless.openBrowser(ChromeHeadless.java:16)\r\n\tat tek.capstone.bdd.framework.base.BaseSetup.setupBrowser(BaseSetup.java:55)\r\n\tat tek.capstone.bdd.framework.base.BaseUITest.setupTest(BaseUITest.java:12)\r\n","duration":1102633500,"status":"failed"},"match":{"location":"tek.capstone.bdd.framework.base.BaseUITest.setupTest()"}}],"line":15,"name":"Verify user can create an account into Retail Website","description":"","id":"sign-in-feature;verify-user-can-create-an-account-into-retail-website","after":[{"result":{"error_message":"java.lang.NullPointerException\r\n\tat tek.capstone.bdd.framework.utilities.BrowserUtilities.takeScreenshotAsBytes(BrowserUtilities.java:75)\r\n\tat tek.capstone.bdd.framework.base.BaseUITest.closeTest(BaseUITest.java:18)\r\n","status":"failed"},"match":{"location":"tek.capstone.bdd.framework.base.BaseUITest.closeTest(io.cucumber.java.Scenario)"}}],"type":"scenario","keyword":"Scenario","steps":[{"result":{"duration":919300,"status":"skipped"},"line":16,"name":"User click on Create New Account button","match":{"location":"tek.capstone.bdd.framework.steps.SignInSteps.userClickOnNewAccountBtn()"},"keyword":"And "},{"result":{"status":"skipped"},"line":17,"name":"User fill the signUp information with below data","match":{"location":"tek.capstone.bdd.framework.steps.SignInSteps.userFillTheSignUpForm(io.cucumber.datatable.DataTable)"},"rows":[{"cells":["name","email","password","confirmPassword"]},{"cells":["fullName","email","Tek@12345","Tek@12345"]}],"keyword":"And "},{"result":{"duration":1103700,"status":"skipped"},"line":20,"name":"User click on SignUp button","match":{"location":"tek.capstone.bdd.framework.steps.SignInSteps.userClickOnSignUpBtn()"},"keyword":"And "},{"result":{"status":"skipped"},"line":21,"name":"User should be logged into account page","match":{"location":"tek.capstone.bdd.framework.steps.SignInSteps.userShouldBeLoggedIntoAccount()"},"keyword":"Then "}],"tags":[{"name":"@jenkins"},{"name":"@signIn"}]}],"name":"Sign In Feature","description":"","id":"sign-in-feature","keyword":"Feature","uri":"classpath:features/SignIn.feature","tags":[{"name":"@jenkins","type":"Tag","location":{"line":1,"column":1}}]}]